<?xml version="1.0" encoding="UTF-8"?>
<testng-results ignored="0" total="11" passed="10" failed="1" skipped="0">
  <reporter-output>
  </reporter-output>
  <suite started-at="2024-02-07T22:21:02 IST" name="Suite" finished-at="2024-02-07T22:24:39 IST" duration-ms="217108">
    <groups>
    </groups>
    <test started-at="2024-02-07T22:21:02 IST" name="Test" finished-at="2024-02-07T22:24:39 IST" duration-ms="217108">
      <class name="testCase.TC_001_SearchingCardiologiests">
        <test-method is-config="true" signature="setup(java.lang.String,java.lang.String)[pri:0, instance:testCase.TC_001_SearchingCardiologiests@5c5eefef]" started-at="2024-02-07T22:21:03 IST" name="setup" finished-at="2024-02-07T22:21:24 IST" duration-ms="21362" status="PASS">
          <params>
            <param index="0">
              <value>
                <![CDATA[Windows]]>
              </value>
            </param>
            <param index="1">
              <value>
                <![CDATA[chrome]]>
              </value>
            </param>
          </params>
          <reporter-output>
          </reporter-output>
        </test-method> <!-- setup -->
        <test-method signature="SearchingCardiologiests()[pri:1, instance:testCase.TC_001_SearchingCardiologiests@5c5eefef]" started-at="2024-02-07T22:21:24 IST" name="SearchingCardiologiests" finished-at="2024-02-07T22:21:30 IST" duration-ms="5716" status="PASS">
          <reporter-output>
          </reporter-output>
        </test-method> <!-- SearchingCardiologiests -->
        <test-method signature="gettingCardiologiests()[pri:2, instance:testCase.TC_001_SearchingCardiologiests@5c5eefef]" started-at="2024-02-07T22:21:30 IST" name="gettingCardiologiests" finished-at="2024-02-07T22:21:51 IST" duration-ms="20584" status="PASS">
          <reporter-output>
          </reporter-output>
        </test-method> <!-- gettingCardiologiests -->
        <test-method is-config="true" signature="teardown()[pri:0, instance:testCase.TC_001_SearchingCardiologiests@5c5eefef]" started-at="2024-02-07T22:21:51 IST" name="teardown" finished-at="2024-02-07T22:21:53 IST" duration-ms="1632" status="PASS">
          <reporter-output>
          </reporter-output>
        </test-method> <!-- teardown -->
      </class> <!-- testCase.TC_001_SearchingCardiologiests -->
      <class name="testCase.TC_004_CorporateHealthAndWellness_ValidDetails">
        <test-method is-config="true" signature="setup(java.lang.String,java.lang.String)[pri:0, instance:testCase.TC_004_CorporateHealthAndWellness_ValidDetails@35cabb2a]" started-at="2024-02-07T22:23:19 IST" name="setup" finished-at="2024-02-07T22:23:33 IST" duration-ms="13832" status="PASS">
          <params>
            <param index="0">
              <value>
                <![CDATA[Windows]]>
              </value>
            </param>
            <param index="1">
              <value>
                <![CDATA[chrome]]>
              </value>
            </param>
          </params>
          <reporter-output>
          </reporter-output>
        </test-method> <!-- setup -->
        <test-method signature="checkingValidDetails()[pri:1, instance:testCase.TC_004_CorporateHealthAndWellness_ValidDetails@35cabb2a]" started-at="2024-02-07T22:23:33 IST" name="checkingValidDetails" finished-at="2024-02-07T22:24:35 IST" duration-ms="61496" status="FAIL">
          <exception class="java.lang.AssertionError">
            <message>
              <![CDATA[null]]>
            </message>
            <full-stacktrace>
              <![CDATA[java.lang.AssertionError: null
at org.testng.Assert.fail(Assert.java:111)
at org.testng.Assert.fail(Assert.java:116)
at testCase.TC_004_CorporateHealthAndWellness_ValidDetails.checkingValidDetails(TC_004_CorporateHealthAndWellness_ValidDetails.java:106)
at java.base/jdk.internal.reflect.NativeMethodAccessorImpl.invoke0(Native Method)
at java.base/jdk.internal.reflect.NativeMethodAccessorImpl.invoke(NativeMethodAccessorImpl.java:77)
at java.base/jdk.internal.reflect.DelegatingMethodAccessorImpl.invoke(DelegatingMethodAccessorImpl.java:43)
at java.base/java.lang.reflect.Method.invoke(Method.java:568)
at org.testng.internal.invokers.MethodInvocationHelper.invokeMethod(MethodInvocationHelper.java:139)
at org.testng.internal.invokers.TestInvoker.invokeMethod(TestInvoker.java:664)
at org.testng.internal.invokers.TestInvoker.invokeTestMethod(TestInvoker.java:227)
at org.testng.internal.invokers.MethodRunner.runInSequence(MethodRunner.java:50)
at org.testng.internal.invokers.TestInvoker$MethodInvocationAgent.invoke(TestInvoker.java:957)
at org.testng.internal.invokers.TestInvoker.invokeTestMethods(TestInvoker.java:200)
at org.testng.internal.invokers.TestMethodWorker.invokeTestMethods(TestMethodWorker.java:148)
at org.testng.internal.invokers.TestMethodWorker.run(TestMethodWorker.java:128)
at java.base/java.util.ArrayList.forEach(ArrayList.java:1511)
at org.testng.TestRunner.privateRun(TestRunner.java:848)
at org.testng.TestRunner.run(TestRunner.java:621)
at org.testng.SuiteRunner.runTest(SuiteRunner.java:443)
at org.testng.SuiteRunner.runSequentially(SuiteRunner.java:437)
at org.testng.SuiteRunner.privateRun(SuiteRunner.java:397)
at org.testng.SuiteRunner.run(SuiteRunner.java:336)
at org.testng.SuiteRunnerWorker.runSuite(SuiteRunnerWorker.java:52)
at org.testng.SuiteRunnerWorker.run(SuiteRunnerWorker.java:95)
at org.testng.TestNG.runSuitesSequentially(TestNG.java:1280)
at org.testng.TestNG.runSuitesLocally(TestNG.java:1200)
at org.testng.TestNG.runSuites(TestNG.java:1114)
at org.testng.TestNG.run(TestNG.java:1082)
at org.apache.maven.surefire.testng.TestNGExecutor.run(TestNGExecutor.java:308)
at org.apache.maven.surefire.testng.TestNGXmlTestSuite.execute(TestNGXmlTestSuite.java:71)
at org.apache.maven.surefire.testng.TestNGProvider.invoke(TestNGProvider.java:113)
at org.apache.maven.surefire.booter.ForkedBooter.runSuitesInProcess(ForkedBooter.java:385)
at org.apache.maven.surefire.booter.ForkedBooter.execute(ForkedBooter.java:162)
at org.apache.maven.surefire.booter.ForkedBooter.run(ForkedBooter.java:507)
at org.apache.maven.surefire.booter.ForkedBooter.main(ForkedBooter.java:495)
]]>
            </full-stacktrace>
          </exception> <!-- java.lang.AssertionError -->
          <reporter-output>
          </reporter-output>
        </test-method> <!-- checkingValidDetails -->
        <test-method is-config="true" signature="teardown()[pri:0, instance:testCase.TC_004_CorporateHealthAndWellness_ValidDetails@35cabb2a]" started-at="2024-02-07T22:24:35 IST" name="teardown" finished-at="2024-02-07T22:24:39 IST" duration-ms="3800" status="PASS">
          <reporter-output>
          </reporter-output>
        </test-method> <!-- teardown -->
      </class> <!-- testCase.TC_004_CorporateHealthAndWellness_ValidDetails -->
      <class name="testCase.TC_002_CaptureSurgeries">
        <test-method is-config="true" signature="setup(java.lang.String,java.lang.String)[pri:0, instance:testCase.TC_002_CaptureSurgeries@79e2c065]" started-at="2024-02-07T22:21:53 IST" name="setup" finished-at="2024-02-07T22:22:10 IST" duration-ms="16698" status="PASS">
          <params>
            <param index="0">
              <value>
                <![CDATA[Windows]]>
              </value>
            </param>
            <param index="1">
              <value>
                <![CDATA[chrome]]>
              </value>
            </param>
          </params>
          <reporter-output>
          </reporter-output>
        </test-method> <!-- setup -->
        <test-method signature="CapturePopularSurgeries()[pri:1, instance:testCase.TC_002_CaptureSurgeries@79e2c065]" started-at="2024-02-07T22:22:10 IST" name="CapturePopularSurgeries" finished-at="2024-02-07T22:22:19 IST" duration-ms="8998" status="PASS">
          <reporter-output>
          </reporter-output>
        </test-method> <!-- CapturePopularSurgeries -->
        <test-method signature="GeneralSurgeries()[pri:2, instance:testCase.TC_002_CaptureSurgeries@79e2c065]" started-at="2024-02-07T22:22:19 IST" name="GeneralSurgeries" finished-at="2024-02-07T22:22:23 IST" duration-ms="4191" status="PASS">
          <reporter-output>
          </reporter-output>
        </test-method> <!-- GeneralSurgeries -->
        <test-method signature="OphthamologySurgeries()[pri:3, instance:testCase.TC_002_CaptureSurgeries@79e2c065]" started-at="2024-02-07T22:22:24 IST" name="OphthamologySurgeries" finished-at="2024-02-07T22:22:26 IST" duration-ms="2700" status="PASS">
          <reporter-output>
          </reporter-output>
        </test-method> <!-- OphthamologySurgeries -->
        <test-method signature="ProctologySurgeries()[pri:3, instance:testCase.TC_002_CaptureSurgeries@79e2c065]" started-at="2024-02-07T22:22:27 IST" name="ProctologySurgeries" finished-at="2024-02-07T22:22:30 IST" duration-ms="3472" status="PASS">
          <reporter-output>
          </reporter-output>
        </test-method> <!-- ProctologySurgeries -->
        <test-method signature="UrologySurgeries()[pri:4, instance:testCase.TC_002_CaptureSurgeries@79e2c065]" started-at="2024-02-07T22:22:31 IST" name="UrologySurgeries" finished-at="2024-02-07T22:22:35 IST" duration-ms="4010" status="PASS">
          <reporter-output>
          </reporter-output>
        </test-method> <!-- UrologySurgeries -->
        <test-method signature="CosmeticSurgeries()[pri:5, instance:testCase.TC_002_CaptureSurgeries@79e2c065]" started-at="2024-02-07T22:22:35 IST" name="CosmeticSurgeries" finished-at="2024-02-07T22:22:38 IST" duration-ms="2794" status="PASS">
          <reporter-output>
          </reporter-output>
        </test-method> <!-- CosmeticSurgeries -->
        <test-method signature="OrthopedicsSurgeries()[pri:6, instance:testCase.TC_002_CaptureSurgeries@79e2c065]" started-at="2024-02-07T22:22:39 IST" name="OrthopedicsSurgeries" finished-at="2024-02-07T22:22:44 IST" duration-ms="5142" status="PASS">
          <reporter-output>
          </reporter-output>
        </test-method> <!-- OrthopedicsSurgeries -->
        <test-method is-config="true" signature="teardown()[pri:0, instance:testCase.TC_002_CaptureSurgeries@79e2c065]" started-at="2024-02-07T22:22:44 IST" name="teardown" finished-at="2024-02-07T22:22:46 IST" duration-ms="1517" status="PASS">
          <reporter-output>
          </reporter-output>
        </test-method> <!-- teardown -->
      </class> <!-- testCase.TC_002_CaptureSurgeries -->
      <class name="testCase.TC_003_CorporateHealthAndWellness_InvalidDetails">
        <test-method is-config="true" signature="setup(java.lang.String,java.lang.String)[pri:0, instance:testCase.TC_003_CorporateHealthAndWellness_InvalidDetails@3a93b025]" started-at="2024-02-07T22:22:46 IST" name="setup" finished-at="2024-02-07T22:23:04 IST" duration-ms="17569" status="PASS">
          <params>
            <param index="0">
              <value>
                <![CDATA[Windows]]>
              </value>
            </param>
            <param index="1">
              <value>
                <![CDATA[chrome]]>
              </value>
            </param>
          </params>
          <reporter-output>
          </reporter-output>
        </test-method> <!-- setup -->
        <test-method signature="checkingInvalidDetails()[pri:1, instance:testCase.TC_003_CorporateHealthAndWellness_InvalidDetails@3a93b025]" started-at="2024-02-07T22:23:04 IST" name="checkingInvalidDetails" finished-at="2024-02-07T22:23:17 IST" duration-ms="13606" status="PASS">
          <reporter-output>
          </reporter-output>
        </test-method> <!-- checkingInvalidDetails -->
        <test-method is-config="true" signature="teardown()[pri:0, instance:testCase.TC_003_CorporateHealthAndWellness_InvalidDetails@3a93b025]" started-at="2024-02-07T22:23:18 IST" name="teardown" finished-at="2024-02-07T22:23:19 IST" duration-ms="1421" status="PASS">
          <reporter-output>
          </reporter-output>
        </test-method> <!-- teardown -->
      </class> <!-- testCase.TC_003_CorporateHealthAndWellness_InvalidDetails -->
    </test> <!-- Test -->
  </suite> <!-- Suite -->
</testng-results>
